<?xml version="1.0" encoding="UTF-8" ?>
<testsuite tests="20" failures="0" name="com.readify.test.MyResourceTest" time="4.513" errors="0" skipped="0">
  <properties>
[...]
</properties>
  <testcase classname="com.readify.test.MyResourceTest" name="testGetTriangleWithHighestCounts" time="1.529"/>
  <testcase classname="com.readify.test.MyResourceTest" name="testGetFabForNegative" time="0.192"/>
  <testcase classname="com.readify.test.MyResourceTest" name="testGetToken" time="0.17"/>
  <testcase classname="com.readify.test.MyResourceTest" name="testGetRevWordWithSpecialChars" time="0.178"/>
  <testcase classname="com.readify.test.MyResourceTest" name="testGetIt" time="0.152"/>
  <testcase classname="com.readify.test.MyResourceTest" name="testGetRevWordEmpty" time="0.158"/>
  <testcase classname="com.readify.test.MyResourceTest" name="testGetRevSentenceWithMultiSpaces" time="0.149"/>
  <testcase classname="com.readify.test.MyResourceTest" name="testGetNonDrawableTriangle" time="0.169"/>
  <testcase classname="com.readify.test.MyResourceTest" name="testGetRevSentence" time="0.142"/>
  <testcase classname="com.readify.test.MyResourceTest" name="testGetFabForOutOfIntegerRange" time="0.145"/>
  <testcase classname="com.readify.test.MyResourceTest" name="testGetEquilateralTriangle" time="0.194"/>
  <testcase classname="com.readify.test.MyResourceTest" name="testGetRevWordPreSpace" time="0.095"/>
  <testcase classname="com.readify.test.MyResourceTest" name="testGetTriangleWithExceedingLimits" time="0.14"/>
  <testcase classname="com.readify.test.MyResourceTest" name="testGetFabForOutOfProgramaticRange" time="0.143"/>
  <testcase classname="com.readify.test.MyResourceTest" name="testGetIsoscelesTriangle" time="0.13"/>
  <testcase classname="com.readify.test.MyResourceTest" name="testGetFab" time="0.141"/>
  <testcase classname="com.readify.test.MyResourceTest" name="testGetRevWordPostSpace" time="0.14"/>
  <testcase classname="com.readify.test.MyResourceTest" name="testGetRevWord" time="0.135"/>
  <testcase classname="com.readify.test.MyResourceTest" name="testGetScaleneTriangle" time="0.13"/>
  <testcase classname="com.readify.test.MyResourceTest" name="testGetTriangleWithNegativeValues" time="0.129"/>
</testsuite>